<?xml version="1.0" encoding="UTF-8"?>
<!-- Generated by org.testng.reporters.JUnitXMLReporter -->
<testsuite ignored="2" hostname="WKWIN5154091" failures="0" tests="1" name="Default test" time="2.335" errors="0" timestamp="2019-12-07T22:19:03 IST">
  <testcase classname="com.qa.test.APITest" name="post" time="2.278"/>
  <testcase classname="com.qa.test.APITest" name="getUsers" time="0.0">
    <ignored/>
  </testcase> <!-- getUsers -->
  <testcase classname="com.qa.test.APITest" name="postThroughJsonFile" time="0.0">
    <ignored/>
  </testcase> <!-- postThroughJsonFile -->
</testsuite> <!-- Default test -->
