<?xml version="1.0" encoding="UTF-8"?>
<testng-results ignored="2" total="3" passed="1" failed="0" skipped="0">
  <reporter-output>
  </reporter-output>
  <suite started-at="2019-12-07T22:19:01 IST" name="Default suite" finished-at="2019-12-07T22:19:03 IST" duration-ms="2335">
    <groups>
    </groups>
    <test started-at="2019-12-07T22:19:01 IST" name="Default test" finished-at="2019-12-07T22:19:03 IST" duration-ms="2335">
      <class name="com.qa.test.APITest">
        <test-method is-config="true" signature="setUp()[pri:0, instance:com.qa.test.APITest@1d082e88]" started-at="2019-12-07T22:19:01 IST" name="setUp" finished-at="2019-12-07T22:19:01 IST" duration-ms="7" status="PASS">
          <reporter-output>
          </reporter-output>
        </test-method> <!-- setUp -->
        <test-method signature="post()[pri:0, instance:com.qa.test.APITest@1d082e88]" started-at="2019-12-07T22:19:01 IST" name="post" finished-at="2019-12-07T22:19:03 IST" duration-ms="2278" status="PASS">
          <reporter-output>
          </reporter-output>
        </test-method> <!-- post -->
      </class> <!-- com.qa.test.APITest -->
    </test> <!-- Default test -->
  </suite> <!-- Default suite -->
</testng-results>
