<?xml version="1.0" encoding="UTF-8"?>
<testng-results ignored="0" total="1" passed="1" failed="0" skipped="0">
  <reporter-output>
  </reporter-output>
  <suite started-at="2019-12-08T20:15:55 IST" name="Default suite" finished-at="2019-12-08T20:16:00 IST" duration-ms="5183">
    <groups>
    </groups>
    <test started-at="2019-12-08T20:15:55 IST" name="Default test" finished-at="2019-12-08T20:16:00 IST" duration-ms="5183">
      <class name="com.qa.test.PostComplexJson">
        <test-method signature="createBooking()[pri:0, instance:com.qa.test.PostComplexJson@6b19b79]" started-at="2019-12-08T20:15:55 IST" name="createBooking" finished-at="2019-12-08T20:16:00 IST" duration-ms="5122" status="PASS">
          <reporter-output>
          </reporter-output>
        </test-method> <!-- createBooking -->
      </class> <!-- com.qa.test.PostComplexJson -->
    </test> <!-- Default test -->
  </suite> <!-- Default suite -->
</testng-results>
